<?xml version="1.0" encoding="UTF-8"?>
<testsuite name="WebCalculatorApplicationTest" tests="1" skipped="0" failures="0" errors="0" timestamp="2020-10-11T16:21:10" hostname="DESKTOP-08HIGHK" time="5.648">
  <properties/>
  <testcase name="start" classname="WebCalculatorApplicationTest" time="5.648"/>
  <system-out><![CDATA[?[1;31m
Start test 1?[0m

  .   ____          _            __ _ _
 /\\ / ___'_ __ _ _(_)_ __  __ _ \ \ \ \
( ( )\___ | '_ | '_| | '_ \/ _` | \ \ \ \
 \\/  ___)| |_)| | | | | || (_| |  ) ) ) )
  '  |____| .__|_| |_|_| |_\__, | / / / /
 =========|_|==============|___/=/_/_/_/
 :: Spring Boot ::        (v2.3.1.RELEASE)

2020-10-11 19:21:12.023  INFO 2968 --- [    Test worker] calculator.WebCalculatorApplication      : Starting WebCalculatorApplication on DESKTOP-08HIGHK with PID 2968 (started by Happyk in D:\Projects\Java Web Quiz Engine\Problems\calculator)
2020-10-11 19:21:12.026  INFO 2968 --- [    Test worker] calculator.WebCalculatorApplication      : No active profile set, falling back to default profiles: default
2020-10-11 19:21:14.306  INFO 2968 --- [    Test worker] o.s.b.w.embedded.tomcat.TomcatWebServer  : Tomcat initialized with port(s): 8889 (http)
2020-10-11 19:21:14.329  INFO 2968 --- [    Test worker] o.apache.catalina.core.StandardService   : Starting service [Tomcat]
2020-10-11 19:21:14.330  INFO 2968 --- [    Test worker] org.apache.catalina.core.StandardEngine  : Starting Servlet engine: [Apache Tomcat/9.0.36]
2020-10-11 19:21:14.514  INFO 2968 --- [    Test worker] o.a.c.c.C.[Tomcat].[localhost].[/]       : Initializing Spring embedded WebApplicationContext
2020-10-11 19:21:14.514  INFO 2968 --- [    Test worker] w.s.c.ServletWebServerApplicationContext : Root WebApplicationContext: initialization completed in 2413 ms
2020-10-11 19:21:14.961  INFO 2968 --- [    Test worker] o.s.s.concurrent.ThreadPoolTaskExecutor  : Initializing ExecutorService 'applicationTaskExecutor'
2020-10-11 19:21:15.454  INFO 2968 --- [    Test worker] o.s.b.a.e.web.EndpointLinksResolver      : Exposing 14 endpoint(s) beneath base path '/actuator'
2020-10-11 19:21:15.535  INFO 2968 --- [    Test worker] o.s.b.w.embedded.tomcat.TomcatWebServer  : Tomcat started on port(s): 8889 (http) with context path ''
2020-10-11 19:21:15.561  INFO 2968 --- [    Test worker] calculator.WebCalculatorApplication      : Started WebCalculatorApplication in 4.317 seconds (JVM running for 5.767)
2020-10-11 19:21:16.149  INFO 2968 --- [nio-8889-exec-1] o.a.c.c.C.[Tomcat].[localhost].[/]       : Initializing Spring DispatcherServlet 'dispatcherServlet'
2020-10-11 19:21:16.151  INFO 2968 --- [nio-8889-exec-1] o.s.web.servlet.DispatcherServlet        : Initializing Servlet 'dispatcherServlet'
2020-10-11 19:21:16.163  INFO 2968 --- [nio-8889-exec-1] o.s.web.servlet.DispatcherServlet        : Completed initialization in 12 ms
?[1;31m
Start test 2?[0m
?[1;31m
Start test 3?[0m
?[1;31m
Start test 4?[0m
]]></system-out>
  <system-err><![CDATA[]]></system-err>
</testsuite>
